既存: 0件

=== STEP1: 製品コード収集 ===
  総ページ数: 22
  page 5/22 収集済み: 207件
  page 10/22 収集済み: 408件
  page 15/22 収集済み: 606件
  page 20/22 収集済み: 807件
収集: 849件

=== STEP2: スペック取得 ===
  [20/849] 追加:20 スキップ:0 失敗:0
  [40/849] 追加:40 スキップ:0 失敗:0
  [60/849] 追加:60 スキップ:0 失敗:0
  [80/849] 追加:80 スキップ:0 失敗:0
  [100/849] 追加:100 スキップ:0 失敗:0
  [120/849] 追加:120 スキップ:0 失敗:0
  [140/849] 追加:140 スキップ:0 失敗:0
  [160/849] 追加:160 スキップ:0 失敗:0
  [180/849] 追加:180 スキップ:0 失敗:0
  [200/849] 追加:200 スキップ:0 失敗:0
  [220/849] 追加:220 スキップ:0 失敗:0
  [240/849] 追加:240 スキップ:0 失敗:0
  [260/849] 追加:260 スキップ:0 失敗:0
  [280/849] 追加:280 スキップ:0 失敗:0
  [300/849] 追加:300 スキップ:0 失敗:0
  [320/849] 追加:320 スキップ:0 失敗:0
  [340/849] 追加:340 スキップ:0 失敗:0
  [360/849] 追加:360 スキップ:0 失敗:0
  [380/849] 追加:380 スキップ:0 失敗:0
  [400/849] 追加:400 スキップ:0 失敗:0
  [420/849] 追加:420 スキップ:0 失敗:0
  [440/849] 追加:440 スキップ:0 失敗:0
  [460/849] 追加:460 スキップ:0 失敗:0
  [480/849] 追加:480 スキップ:0 失敗:0
  [500/849] 追加:500 スキップ:0 失敗:0
  [520/849] 追加:520 スキップ:0 失敗:0
  [WARN] https://kakaku.com/item/K0000059022/spec/ attempt=1 error=HTTP Error 410: Gone. → wait 1s
  [WARN] https://kakaku.com/item/K0000059022/spec/ attempt=2 error=HTTP Error 410: Gone. → wait 2s
  [WARN] https://kakaku.com/item/K0000059022/spec/ attempt=3 error=HTTP Error 410: Gone. → wait 4s
  [541/849] 追加:540 スキップ:0 失敗:1
  [WARN] https://kakaku.com/item/K0001040845/spec/ attempt=1 error=The read operation timed out → wait 1s
  [561/849] 追加:560 スキップ:0 失敗:1
  [581/849] 追加:580 スキップ:0 失敗:1
  [600/849] 追加:599 スキップ:0 失敗:1
  [601/849] 追加:600 スキップ:0 失敗:1
  [621/849] 追加:620 スキップ:0 失敗:1
  [641/849] 追加:640 スキップ:0 失敗:1
  [661/849] 追加:660 スキップ:0 失敗:1
  [681/849] 追加:680 スキップ:0 失敗:1
  [700/849] 追加:699 スキップ:0 失敗:1
  [701/849] 追加:700 スキップ:0 失敗:1
  [721/849] 追加:720 スキップ:0 失敗:1
  [741/849] 追加:740 スキップ:0 失敗:1
  [761/849] 追加:760 スキップ:0 失敗:1
  [781/849] 追加:780 スキップ:0 失敗:1
  [800/849] 追加:799 スキップ:0 失敗:1
  [801/849] 追加:800 スキップ:0 失敗:1
  [821/849] 追加:820 スキップ:0 失敗:1
  [841/849] 追加:840 スキップ:0 失敗:1

=== 完了 ===
追加: 848件 / スキップ: 0件 / 失敗: 1件
保存先: C:\Users\iwashita.AKGNET\pc-compat-engine\workspace\data\kakaku_cooler\products.jsonl
