既存: 0件

=== STEP1: 製品コード収集 ===
  総ページ数: 14
  page 5/14 収集済み: 207件
  page 10/14 収集済み: 406件
収集: 533件

=== STEP2: スペック取得 ===
  [20/533] 追加:20 スキップ:0 失敗:0
  [40/533] 追加:40 スキップ:0 失敗:0
  [60/533] 追加:60 スキップ:0 失敗:0
  [80/533] 追加:80 スキップ:0 失敗:0
  [100/533] 追加:100 スキップ:0 失敗:0
  [120/533] 追加:120 スキップ:0 失敗:0
  [140/533] 追加:140 スキップ:0 失敗:0
  [160/533] 追加:160 スキップ:0 失敗:0
  [180/533] 追加:180 スキップ:0 失敗:0
  [200/533] 追加:200 スキップ:0 失敗:0
  [220/533] 追加:220 スキップ:0 失敗:0
  [240/533] 追加:240 スキップ:0 失敗:0
  [260/533] 追加:260 スキップ:0 失敗:0
  [280/533] 追加:280 スキップ:0 失敗:0
  [300/533] 追加:300 スキップ:0 失敗:0
  [320/533] 追加:320 スキップ:0 失敗:0
  [340/533] 追加:340 スキップ:0 失敗:0
  [360/533] 追加:360 スキップ:0 失敗:0
  [380/533] 追加:380 スキップ:0 失敗:0
  [400/533] 追加:400 スキップ:0 失敗:0
  [420/533] 追加:420 スキップ:0 失敗:0
  [440/533] 追加:440 スキップ:0 失敗:0
  [460/533] 追加:460 スキップ:0 失敗:0
  [480/533] 追加:480 スキップ:0 失敗:0
  [500/533] 追加:500 スキップ:0 失敗:0
  [520/533] 追加:520 スキップ:0 失敗:0

=== 完了 ===
追加: 533件 / スキップ: 0件 / 失敗: 0件
保存先: C:\Users\iwashita.AKGNET\pc-compat-engine\workspace\data\kakaku_psu\products.jsonl
