既存: 121件

=== STEP1: 製品コード収集 ===
  総ページ数: 18
  page 5/18 収集済み: 375件
  page 10/18 収集済み: 714件
  page 15/18 収集済み: 1049件
収集: 1171件

=== STEP2: スペック取得 ===
  [141/1171] 追加:20 スキップ:121 失敗:0
  [161/1171] 追加:40 スキップ:121 失敗:0
  [181/1171] 追加:60 スキップ:121 失敗:0
  [200/1171] 追加:79 スキップ:121 失敗:0
  [201/1171] 追加:80 スキップ:121 失敗:0
  [221/1171] 追加:100 スキップ:121 失敗:0
  [241/1171] 追加:120 スキップ:121 失敗:0
  [261/1171] 追加:140 スキップ:121 失敗:0
  [WARN] https://kakaku.com/item/K0001657019/spec/ attempt=1 error=The read operation timed out → wait 1s
  [281/1171] 追加:160 スキップ:121 失敗:0
  [300/1171] 追加:179 スキップ:121 失敗:0
  [301/1171] 追加:180 スキップ:121 失敗:0
  [321/1171] 追加:200 スキップ:121 失敗:0
  [341/1171] 追加:220 スキップ:121 失敗:0
  [361/1171] 追加:240 スキップ:121 失敗:0
  [381/1171] 追加:260 スキップ:121 失敗:0
  [400/1171] 追加:279 スキップ:121 失敗:0
  [401/1171] 追加:280 スキップ:121 失敗:0
  [421/1171] 追加:300 スキップ:121 失敗:0
  [441/1171] 追加:320 スキップ:121 失敗:0
  [461/1171] 追加:340 スキップ:121 失敗:0
  [481/1171] 追加:360 スキップ:121 失敗:0
  [500/1171] 追加:379 スキップ:121 失敗:0
  [501/1171] 追加:380 スキップ:121 失敗:0
  [521/1171] 追加:400 スキップ:121 失敗:0
  [541/1171] 追加:420 スキップ:121 失敗:0
  [561/1171] 追加:440 スキップ:121 失敗:0
  [581/1171] 追加:460 スキップ:121 失敗:0
  [600/1171] 追加:479 スキップ:121 失敗:0
  [601/1171] 追加:480 スキップ:121 失敗:0
  [621/1171] 追加:500 スキップ:121 失敗:0
  [641/1171] 追加:520 スキップ:121 失敗:0
  [661/1171] 追加:540 スキップ:121 失敗:0
  [681/1171] 追加:560 スキップ:121 失敗:0
  [700/1171] 追加:579 スキップ:121 失敗:0
  [701/1171] 追加:580 スキップ:121 失敗:0
  [721/1171] 追加:600 スキップ:121 失敗:0
  [741/1171] 追加:620 スキップ:121 失敗:0
  [761/1171] 追加:640 スキップ:121 失敗:0
  [WARN] https://kakaku.com/item/K0001718758/spec/ attempt=1 error=The read operation timed out → wait 1s
  [781/1171] 追加:660 スキップ:121 失敗:0
  [800/1171] 追加:679 スキップ:121 失敗:0
  [801/1171] 追加:680 スキップ:121 失敗:0
  [821/1171] 追加:700 スキップ:121 失敗:0
  [841/1171] 追加:720 スキップ:121 失敗:0
  [861/1171] 追加:740 スキップ:121 失敗:0
  [881/1171] 追加:760 スキップ:121 失敗:0
  [900/1171] 追加:779 スキップ:121 失敗:0
  [901/1171] 追加:780 スキップ:121 失敗:0
  [921/1171] 追加:800 スキップ:121 失敗:0
  [941/1171] 追加:820 スキップ:121 失敗:0
  [961/1171] 追加:840 スキップ:121 失敗:0
  [981/1171] 追加:860 スキップ:121 失敗:0
  [1000/1171] 追加:879 スキップ:121 失敗:0
  [1001/1171] 追加:880 スキップ:121 失敗:0
  [1021/1171] 追加:900 スキップ:121 失敗:0
  [1041/1171] 追加:920 スキップ:121 失敗:0
  [1061/1171] 追加:940 スキップ:121 失敗:0
  [1081/1171] 追加:960 スキップ:121 失敗:0
  [1100/1171] 追加:979 スキップ:121 失敗:0
  [1101/1171] 追加:980 スキップ:121 失敗:0
  [1121/1171] 追加:1000 スキップ:121 失敗:0
  [1141/1171] 追加:1020 スキップ:121 失敗:0
  [1161/1171] 追加:1040 スキップ:121 失敗:0

=== 完了 ===
追加: 1050件 / スキップ: 121件 / 失敗: 0件
保存先: C:\Users\iwashita.AKGNET\pc-compat-engine\workspace\data\kakaku_case\products.jsonl
