
=======================================================
[START] ケース (既存: 0件)
=======================================================
[完了] ケース: 0件 → 3353件 (+3353件)

=======================================================
[START] PSU (既存: 533件)
=======================================================
[完了] PSU: 533件 → 533件 (+0件)

=======================================================
[START] CPUクーラー (既存: 808件)
=======================================================
[完了] CPUクーラー: 808件 → 928件 (+120件)

=======================================================
【完了サマリー】
  ✓ ケース         :  3353件
  ✓ PSU         :   533件
  ✓ CPUクーラー     :   928件
=======================================================

git commit & push...
push完了
