MB完了待機中...
  MB: 2975件 (進行中)
  MB: 2975件 (変化なし 1回目)
  MB: 2975件 (変化なし 2回目)
  → MB完了判定: 2975件

MB完了: 2975件

=======================================================
[START] ケース (既存: 0件)
====================================================[完了] CPU: 34件 → 3877件 (+3843件)

=======================================================
[START] ケース (既存: 0件)
=======================================================
[[完了] CPU: 1008件 → 3904件 (+2896件)

=======================================================
[START] PSU (既存: 0件)
=====================================================[完[完了] PSU: 0件 → 0件 (+0件)

=======================================================
[START] CPUクーラー (既存: 0件)
=====================================================[完[完了] CPUクーラー: 0件 → 0件 (+0件)

=======================================================
【全カテゴリ完了サマリー】
  ✓ MB          :  2975件
  ✓ ケース         :     0件
  ✓ CPU         :  3904件
  ✓ PSU         :     0件
  ✓ CPUクーラー     :     0件
  合計: 6879件
=======================================================

==========================