MB完了待機中...
  MB: 2975件 (進行中)
  MB: 2975件 (変化なし 1回目)
  MB: 2975件 (変化なし 2回目)
  → MB完了判定: 2975件

MB完了: 2975件

=======================================================
[START] CPU (既存: 298件)
=======================================================
既存: 92件

=== STEP1: 製品コード収集 ===
  総ページ数: 17
  page 5/17 収集済み: 198件
  page 10/17 収集済み: 393件
  page 15/17 収集済み: 589件
収集: 638件

=== STEP2: スペック取得 ===
  [100/638] 追加:8 スキップ:92 失敗:0
  [112/638] 追加:20 スキップ:92 失敗:0
  [132/638] 追加:40 スキップ:92 失敗:0
  [152/638] 追加:60 スキップ:92 失敗:0
  [172/638] 追加:80 スキップ:92 失敗:0
  [192/638] 追加:100 スキップ:92 失敗:0
  [200/638] 追加:108 スキップ:92 失敗:0
  [[完了] CPUクーラー: 0件 → 0件 (+0件)

=======================================================
【全カテゴリ完了サマリー】
  ✓ MB          :  2975件
  ✓ CPU         :  3919件
  ✓ ケース         :     0件
  ✓ PSU         :     0件
  ✓ CPUクーラー     :     0件
  合計: 6894件
=======================================================

=======================================================
[START] SEOページ再生成
=======================================================
[完了] SEOページ生成

git commit & push...
完了
追加:320 スキップ:92 失敗:0
  [432/638] 追加:340 スキップ:92 失敗:0
  [452/638] 追加:360 スキップ:92 失敗:0
  [WARN] https://kakaku.com/item/K0001159364/spec/ attempt=1 error=The read operation timed out → wait 1s
  [472/638] 追加:380 スキップ:92 失敗:0
  [492/638] 追加:400 スキップ:92 失敗:0
  [500/638] 追加:408 スキップ:92 失敗:0
  [512/638] 追加:420 スキップ:92 失敗:0
  [532/638] 追加:440 スキップ:92 失敗:0
  [552/638] 追加:460 スキップ:92 失敗:0
  [572/638] 追加:480 スキップ:92 失敗:0
  [592/638] 追加:500 スキップ:92 失敗:0
  [600/638] 追加:508 スキップ:92 失敗:0
  [612/638] 追加:520 スキップ:92 失敗:0
  [632/638] 追加:540 スキップ:92 失敗:0

=== 完了 ===
追加: 546件 / スキップ: 92件 / 失敗: 0件
保存先: C:\Users\iwashita.AKGNET\pc-compat-engine\workspace\data\kakaku_cpu\products.jsonl
[完了] CPU: 227件 → 3933件 (+3706件)

=======================================================
[START] ケース (既存: 0件)
=======================================================
既存: 0件

=== STEP1: 製品コード収集 ===
  [WARN] https://kakaku.com/pc/pccase/itemlist.aspx attempt=1 error=HTTP Error 404: Not Found → wait 1s
  [WARN] https://kakaku.com/pc/pccase/itemlist.aspx attempt=2 error=HTTP Error 404: Not Found → wait 2s
  [WARN] https://kakaku.com/pc/pccase/itemlist.aspx attempt=3 error=HTTP Error 404: Not Found → wait 4s
[ERROR] 一覧ページ取得失敗
収集: 0件

=== STEP2: スペック取得 ===

=== 完了 ===
追加: 0件 / スキップ: 0件 / 失敗: 0件
保存先: C:\Users\iwashita.AKGNET\pc-compat-engine\workspace\data\kakaku_case\products.jsonl
[完了] ケース: 0件 → 0件 (+0件)

=======================================================
[START] PSU (既存: 0件)
=======================================================
既存: 0件

=== STEP1: 製品コード収集 ===
  [WARN] https://kakaku.com/pc/powersupply/itemlist.aspx attempt=1 error=HTTP Error 404: Not Found → wait 1s
  [WARN] https://kakaku.com/pc/powersupply/itemlist.aspx attempt=2 error=HTTP Error 404: Not Found → wait 2s
  [WARN] https://kakaku.com/pc/powersupply/itemlist.aspx attempt=3 error=HTTP Error 404: Not Found → wait 4s
[ERROR] 一覧ページ取得失敗
収集: 0件

=== STEP2: スペック取得 ===

=== 完了 ===
追加: 0件 / スキップ: 0件 / 失敗: 0件
保存先: C:\Users\iwashita.AKGNET\pc-compat-engine\workspace\data\kakaku_psu\products.jsonl
[完了] PSU: 0件 → 0件 (+0件)

=======================================================
[START] CPUクーラー (既存: 0件)
=======================================================
